<?xml version="1.0" encoding="UTF-8"?>
<!-- Generated by org.testng.reporters.JUnitReportReporter -->
<testsuite skipped="0" hostname="BDC8-DX-BYF9GH2" name="com.test.Testing" tests="2" failures="0" timestamp="18 Jul 2018 06:34:11 GMT" time="37.491" errors="0">
  <testcase name="testLogin" time="16.104" classname="com.test.Testing"/>
  <testcase name="testLogin" time="21.387" classname="com.test.Testing"/>
</testsuite> <!-- com.test.Testing -->
